[14-Nov-2017 13:19:02 UTC] PHP Fatal error:  Call to a member function includeOptionsBlock() on a non-object in /home/ubuntu/workspace/wp-content/plugins/expand-maker/views/readMoreAddNewButton.php on line 254
[14-Nov-2017 13:19:02 UTC] PHP Stack trace:
[14-Nov-2017 13:19:02 UTC] PHP   1. {main}() /home/ubuntu/workspace/wp-admin/admin.php:0
[14-Nov-2017 13:19:02 UTC] PHP   2. do_action() /home/ubuntu/workspace/wp-admin/admin.php:222
[14-Nov-2017 13:19:02 UTC] PHP   3. WP_Hook->do_action() /home/ubuntu/workspace/wp-includes/plugin.php:453
[14-Nov-2017 13:19:02 UTC] PHP   4. WP_Hook->apply_filters() /home/ubuntu/workspace/wp-includes/class-wp-hook.php:323
[14-Nov-2017 13:19:02 UTC] PHP   5. call_user_func_array:{/home/ubuntu/workspace/wp-includes/class-wp-hook.php:298}() /home/ubuntu/workspace/wp-includes/class-wp-hook.php:298
[14-Nov-2017 13:19:02 UTC] PHP   6. ReadMoreInit->addNewButton() /home/ubuntu/workspace/wp-includes/class-wp-hook.php:298
[14-Nov-2017 13:19:02 UTC] PHP   7. ReadMorePages->addNewButtons() /home/ubuntu/workspace/wp-content/plugins/expand-maker/classes/ReadMoreInit.php:61
[14-Nov-2017 13:19:02 UTC] PHP   8. require_once() /home/ubuntu/workspace/wp-content/plugins/expand-maker/classes/ReadMorePages.php:67
[14-Nov-2017 13:29:12 UTC] PHP Fatal error:  Call to a member function includeOptionsBlock() on a non-object in /home/ubuntu/workspace/wp-content/plugins/expand-maker/views/readMoreAddNewButton.php on line 254
[14-Nov-2017 13:29:12 UTC] PHP Stack trace:
[14-Nov-2017 13:29:12 UTC] PHP   1. {main}() /home/ubuntu/workspace/wp-admin/admin.php:0
[14-Nov-2017 13:29:12 UTC] PHP   2. do_action() /home/ubuntu/workspace/wp-admin/admin.php:222
[14-Nov-2017 13:29:12 UTC] PHP   3. WP_Hook->do_action() /home/ubuntu/workspace/wp-includes/plugin.php:453
[14-Nov-2017 13:29:12 UTC] PHP   4. WP_Hook->apply_filters() /home/ubuntu/workspace/wp-includes/class-wp-hook.php:323
[14-Nov-2017 13:29:12 UTC] PHP   5. call_user_func_array:{/home/ubuntu/workspace/wp-includes/class-wp-hook.php:298}() /home/ubuntu/workspace/wp-includes/class-wp-hook.php:298
[14-Nov-2017 13:29:12 UTC] PHP   6. ReadMoreInit->addNewButton() /home/ubuntu/workspace/wp-includes/class-wp-hook.php:298
[14-Nov-2017 13:29:12 UTC] PHP   7. ReadMorePages->addNewButtons() /home/ubuntu/workspace/wp-content/plugins/expand-maker/classes/ReadMoreInit.php:61
[14-Nov-2017 13:29:12 UTC] PHP   8. require_once() /home/ubuntu/workspace/wp-content/plugins/expand-maker/classes/ReadMorePages.php:67
[16-Nov-2017 11:15:53 UTC] PHP Warning:  call_user_func_array() expects parameter 1 to be a valid callback, class 'ExpMaker' not found in /home/ubuntu/workspace/wp-includes/class-wp-hook.php on line 286
[16-Nov-2017 11:15:53 UTC] PHP Stack trace:
[16-Nov-2017 11:15:53 UTC] PHP   1. {main}() /home/ubuntu/workspace/wp-admin/admin-ajax.php:0
[16-Nov-2017 11:15:53 UTC] PHP   2. do_action() /home/ubuntu/workspace/wp-admin/admin-ajax.php:97
[16-Nov-2017 11:15:53 UTC] PHP   3. WP_Hook->do_action() /home/ubuntu/workspace/wp-includes/plugin.php:453
[16-Nov-2017 11:15:53 UTC] PHP   4. WP_Hook->apply_filters() /home/ubuntu/workspace/wp-includes/class-wp-hook.php:310
[16-Nov-2017 11:15:53 UTC] PHP   5. call_user_func_array:{/home/ubuntu/workspace/wp-includes/class-wp-hook.php:286}() /home/ubuntu/workspace/wp-includes/class-wp-hook.php:286
[16-Nov-2017 11:15:53 UTC] PHP   6. wp_ajax_delete_plugin() /home/ubuntu/workspace/wp-includes/class-wp-hook.php:286
[16-Nov-2017 11:15:53 UTC] PHP   7. delete_plugins() /home/ubuntu/workspace/wp-admin/includes/ajax-actions.php:3899
[16-Nov-2017 11:15:53 UTC] PHP   8. uninstall_plugin() /home/ubuntu/workspace/wp-admin/includes/plugin.php:844
[16-Nov-2017 11:15:53 UTC] PHP   9. do_action() /home/ubuntu/workspace/wp-admin/includes/plugin.php:1055
[16-Nov-2017 11:15:53 UTC] PHP  10. WP_Hook->do_action() /home/ubuntu/workspace/wp-includes/plugin.php:453
[16-Nov-2017 11:15:53 UTC] PHP  11. WP_Hook->apply_filters() /home/ubuntu/workspace/wp-includes/class-wp-hook.php:310
[16-Nov-2017 11:15:53 UTC] PHP  12. call_user_func_array:{/home/ubuntu/workspace/wp-includes/class-wp-hook.php:286}() /home/ubuntu/workspace/wp-includes/class-wp-hook.php:286
